mode: set
go-grading-api/internal/grade/handler.go:11.37,13.2 1 1
go-grading-api/internal/grade/handler.go:15.54,18.47 2 0
go-grading-api/internal/grade/handler.go:18.47,21.3 2 0
go-grading-api/internal/grade/handler.go:23.2,24.16 2 0
go-grading-api/internal/grade/handler.go:24.16,27.3 2 0
go-grading-api/internal/grade/handler.go:29.2,29.18 1 0
go-grading-api/internal/grade/handler.go:32.51,36.16 3 1
go-grading-api/internal/grade/handler.go:36.16,39.3 2 0
go-grading-api/internal/grade/handler.go:41.2,41.20 1 1
go-grading-api/internal/grade/mock_repository.go:5.83,11.2 1 1
go-grading-api/internal/grade/mock_repository.go:13.90,15.2 1 0
go-grading-api/internal/grade/mock_service.go:5.71,11.2 1 1
go-grading-api/internal/grade/mock_service.go:13.67,19.2 1 0
go-grading-api/internal/grade/repository.go:9.53,11.2 1 0
go-grading-api/internal/grade/repository.go:18.91,35.2 3 0
go-grading-api/internal/grade/repository.go:37.84,50.16 5 0
go-grading-api/internal/grade/repository.go:50.16,52.3 1 0
go-grading-api/internal/grade/repository.go:54.2,54.18 1 0
go-grading-api/internal/grade/service.go:16.68,26.16 4 0
go-grading-api/internal/grade/service.go:26.16,28.3 1 0
go-grading-api/internal/grade/service.go:30.2,30.18 1 0
go-grading-api/internal/grade/service.go:33.72,34.21 1 1
go-grading-api/internal/grade/service.go:34.21,36.3 1 0
go-grading-api/internal/grade/service.go:38.2,39.16 2 1
go-grading-api/internal/grade/service.go:39.16,41.3 1 0
go-grading-api/internal/grade/service.go:43.2,43.19 1 1
go-grading-api/internal/grade/service.go:46.73,47.46 1 1
go-grading-api/internal/grade/service.go:47.46,49.3 1 1
go-grading-api/internal/grade/service.go:51.2,51.52 1 1
go-grading-api/internal/grade/service.go:51.52,53.3 1 0
go-grading-api/internal/grade/service.go:55.2,58.17 3 1
go-grading-api/internal/grade/service.go:58.17,60.3 1 1
go-grading-api/internal/grade/service.go:60.8,60.24 1 1
go-grading-api/internal/grade/service.go:60.24,62.3 1 1
go-grading-api/internal/grade/service.go:62.8,62.24 1 1
go-grading-api/internal/grade/service.go:62.24,64.3 1 1
go-grading-api/internal/grade/service.go:64.8,64.24 1 1
go-grading-api/internal/grade/service.go:64.24,66.3 1 1
go-grading-api/internal/grade/service.go:66.8,68.3 1 1
go-grading-api/internal/grade/service.go:70.2,70.21 1 1
